<?xml version="1.0" encoding="UTF-8"?>
<!-- Generated by org.testng.reporters.JUnitReportReporter -->
<testsuite hostname="DESKTOP-QB7U5TO" failures="0" tests="1" name="demo.OpenLICTest" time="19.441" errors="0" timestamp="2023-01-25T11:48:10 IST" skipped="0">
  <testcase classname="demo.OpenLICTest" name="lic" time="19.441"/>
  <system-out/>
</testsuite> <!-- demo.OpenLICTest -->
