<?xml version="1.0" encoding="UTF-8"?>
<!-- Generated by org.testng.reporters.JUnitReportReporter -->
<testsuite hostname="DESKTOP-QB7U5TO" failures="0" tests="1" name="demo.TC_AddProject_004" time="37.301" errors="0" timestamp="2023-01-24T13:11:43 IST" skipped="0">
  <testcase classname="demo.TC_AddProject_004" name="addProject" time="37.301"/>
  <system-out/>
</testsuite> <!-- demo.TC_AddProject_004 -->
