<?xml version="1.0" encoding="UTF-8"?>
<!-- Generated by org.testng.reporters.JUnitReportReporter -->
<testsuite hostname="DESKTOP-QB7U5TO" failures="0" tests="1" name="demo.TC_Acti_002" time="16.113" errors="0" timestamp="2023-01-24T13:09:03 IST" skipped="0">
  <testcase classname="demo.TC_Acti_002" name="addNewCustomer" time="16.113"/>
  <system-out/>
</testsuite> <!-- demo.TC_Acti_002 -->
