<?xml version="1.0" encoding="UTF-8"?>
<!-- Generated by org.testng.reporters.JUnitReportReporter -->
<testsuite hostname="DESKTOP-QB7U5TO" failures="0" tests="1" name="demo.TC_Bikes_011_Test" time="102.425" errors="0" timestamp="2023-01-23T20:22:23 IST" skipped="0">
  <testcase classname="demo.TC_Bikes_011_Test" name="bikes" time="102.425"/>
  <system-out/>
</testsuite> <!-- demo.TC_Bikes_011_Test -->
