<?xml version="1.0" encoding="UTF-8"?>
<!-- Generated by org.testng.reporters.JUnitReportReporter -->
<testsuite hostname="DESKTOP-QB7U5TO" failures="0" tests="1" name="demo.TC_Bikes_010_Test" time="64.158" errors="0" timestamp="2023-01-20T17:40:44 IST" skipped="0">
  <testcase classname="demo.TC_Bikes_010_Test" name="bikes" time="64.158"/>
  <system-out/>
</testsuite> <!-- demo.TC_Bikes_010_Test -->
