<?xml version="1.0" encoding="UTF-8"?>
<!-- Generated by org.testng.reporters.JUnitReportReporter -->
<testsuite hostname="DESKTOP-QB7U5TO" failures="0" tests="1" name="demo.TC_Acti_002" time="9.874" errors="0" timestamp="2023-01-25T11:48:10 IST" skipped="0">
  <testcase classname="demo.TC_Acti_002" name="addNewCustomer" time="9.874"/>
  <system-out>
Successfully Clicked on Task Tab Successfully Clicked on ADD NEW Button Successfully Clicked On ADD NEW CUSTOMER link Successfully Clicked On Create Customer Button New Customer Is Created  </system-out>
</testsuite> <!-- demo.TC_Acti_002 -->
