<?xml version="1.0" encoding="UTF-8"?>
<!-- Generated by org.testng.reporters.JUnitReportReporter -->
<testsuite hostname="DESKTOP-QB7U5TO" failures="0" tests="1" name="demo.TC_Acti_Login_001" time="13.097" errors="0" timestamp="2023-01-24T13:01:27 IST" skipped="0">
  <testcase classname="demo.TC_Acti_Login_001" name="TestCase1Login" time="13.097"/>
  <system-out>
Login Successful  </system-out>
</testsuite> <!-- demo.TC_Acti_Login_001 -->
