<?xml version="1.0" encoding="UTF-8"?>
<!-- Generated by org.testng.reporters.JUnitReportReporter -->
<testsuite hostname="DESKTOP-QB7U5TO" failures="0" tests="1" name="demo.TC_AddProject_001" time="26.354" errors="0" timestamp="2023-01-21T15:13:23 IST" skipped="0">
  <testcase classname="demo.TC_AddProject_001" name="addProject" time="26.354"/>
  <system-out/>
</testsuite> <!-- demo.TC_AddProject_001 -->
