<?xml version="1.0" encoding="UTF-8"?>
<!-- Generated by org.testng.reporters.JUnitReportReporter -->
<testsuite hostname="DESKTOP-QB7U5TO" failures="0" tests="1" name="demo.OpenZomatoTest" time="73.056" errors="0" timestamp="2023-01-25T11:48:10 IST" skipped="0">
  <testcase classname="demo.OpenZomatoTest" name="zomato" time="73.056"/>
  <system-out/>
</testsuite> <!-- demo.OpenZomatoTest -->
